<?xml version="1.0" encoding="UTF-8"?>
<testng-results ignored="0" total="1" passed="1" failed="0" skipped="0">
  <reporter-output>
  </reporter-output>
  <suite started-at="2024-10-10T16:14:09 IST" name="Default suite" finished-at="2024-10-10T16:14:44 IST" duration-ms="35085">
    <groups>
    </groups>
    <test started-at="2024-10-10T16:14:09 IST" name="Default test" finished-at="2024-10-10T16:14:44 IST" duration-ms="35085">
      <class name="com.krn.actitime.tasks.CreateCustomer">
        <test-method is-config="true" signature="dbconnection()[pri:0, instance:com.krn.actitime.tasks.CreateCustomer@618425b5]" started-at="2024-10-10T16:14:09 IST" name="dbconnection" finished-at="2024-10-10T16:14:09 IST" duration-ms="12" status="PASS">
          <reporter-output>
          </reporter-output>
        </test-method> <!-- dbconnection -->
        <test-method is-config="true" signature="openBrowser()[pri:0, instance:com.krn.actitime.tasks.CreateCustomer@618425b5]" started-at="2024-10-10T16:14:09 IST" name="openBrowser" finished-at="2024-10-10T16:14:26 IST" duration-ms="16612" status="PASS">
          <reporter-output>
          </reporter-output>
        </test-method> <!-- openBrowser -->
        <test-method is-config="true" signature="login()[pri:0, instance:com.krn.actitime.tasks.CreateCustomer@618425b5]" started-at="2024-10-10T16:14:26 IST" name="login" finished-at="2024-10-10T16:14:29 IST" duration-ms="3877" status="PASS">
          <reporter-output>
          </reporter-output>
        </test-method> <!-- login -->
        <test-method signature="testCreateCustomer()[pri:0, instance:com.krn.actitime.tasks.CreateCustomer@618425b5]" started-at="2024-10-10T16:14:29 IST" name="testCreateCustomer" finished-at="2024-10-10T16:14:32 IST" duration-ms="2680" status="PASS">
          <reporter-output>
          </reporter-output>
        </test-method> <!-- testCreateCustomer -->
        <test-method is-config="true" signature="logout()[pri:0, instance:com.krn.actitime.tasks.CreateCustomer@618425b5]" started-at="2024-10-10T16:14:32 IST" name="logout" finished-at="2024-10-10T16:14:40 IST" duration-ms="7709" status="PASS">
          <reporter-output>
          </reporter-output>
        </test-method> <!-- logout -->
        <test-method is-config="true" signature="closeBrowser()[pri:0, instance:com.krn.actitime.tasks.CreateCustomer@618425b5]" started-at="2024-10-10T16:14:40 IST" name="closeBrowser" finished-at="2024-10-10T16:14:44 IST" duration-ms="4172" status="PASS">
          <reporter-output>
          </reporter-output>
        </test-method> <!-- closeBrowser -->
        <test-method is-config="true" signature="dbconnection1()[pri:0, instance:com.krn.actitime.tasks.CreateCustomer@618425b5]" started-at="2024-10-10T16:14:44 IST" name="dbconnection1" finished-at="2024-10-10T16:14:44 IST" duration-ms="0" status="PASS">
          <reporter-output>
          </reporter-output>
        </test-method> <!-- dbconnection1 -->
      </class> <!-- com.krn.actitime.tasks.CreateCustomer -->
    </test> <!-- Default test -->
  </suite> <!-- Default suite -->
</testng-results>
