<?xml version="1.0" encoding="UTF-8"?>
<!-- Generated by org.testng.reporters.JUnitXMLReporter -->
<testsuite ignored="0" hostname="DESKTOP-22QOM6E" failures="0" tests="3" name="Default test" time="0.061" errors="0" timestamp="2024-08-09T16:29:51 IST">
  <testcase classname="DemoPack.Customer" name="CreateCustomer" time="0.01"/>
  <testcase classname="DemoPack.Customer" name="EditCustomer" time="0.002"/>
  <testcase classname="DemoPack.Customer" name="DeleteCustomer" time="0.005"/>
</testsuite> <!-- Default test -->
