<?xml version="1.0" encoding="UTF-8"?>
<!-- Generated by org.testng.reporters.JUnitXMLReporter -->
<testsuite ignored="0" hostname="DESKTOP-22QOM6E" failures="0" tests="7" name="Default test" time="0.09" errors="0" timestamp="2024-10-09T13:33:29 IST">
  <testcase classname="demo.Customer" name="editCustomer" time="0.01"/>
  <testcase classname="demo.Customer" name="createCustomer" time="0.002"/>
  <testcase classname="demo.Customer" name="deleteCustomer" time="0.001"/>
  <testcase classname="demo.Report" name="createReport" time="0.001"/>
  <testcase classname="demo.User" name="createUser" time="0.002"/>
  <testcase classname="demo.User" name="editUser" time="0.007"/>
  <testcase classname="demo.User" name="deleteUser" time="0.003"/>
</testsuite> <!-- Default test -->
