<?xml version="1.0" encoding="UTF-8"?>
<testng-results ignored="0" total="2" passed="1" failed="1" skipped="0">
  <reporter-output>
  </reporter-output>
  <suite started-at="2024-10-07T17:28:53 IST" name="Default suite" finished-at="2024-10-07T17:30:12 IST" duration-ms="78956">
    <groups>
      <group name="SmokeSuite">
        <method signature="createContactTests.createContactWithlastName()[pri:0, instance:ContactsTests.createContactTests@791f145a]" name="createContactWithlastName" class="ContactsTests.createContactTests"/>
      </group> <!-- SmokeSuite -->
    </groups>
    <test started-at="2024-10-07T17:28:53 IST" name="Default test" finished-at="2024-10-07T17:30:12 IST" duration-ms="78956">
      <class name="ContactsTests.createContactTests">
        <test-method is-config="true" signature="bsconfig()[pri:0, instance:ContactsTests.createContactTests@791f145a]" started-at="2024-10-07T17:28:53 IST" name="bsconfig" finished-at="2024-10-07T17:28:53 IST" duration-ms="8" status="PASS">
          <reporter-output>
          </reporter-output>
        </test-method> <!-- bsconfig -->
        <test-method is-config="true" signature="bcconfig()[pri:0, instance:ContactsTests.createContactTests@791f145a]" started-at="2024-10-07T17:28:53 IST" name="bcconfig" finished-at="2024-10-07T17:29:12 IST" duration-ms="19055" status="PASS">
          <reporter-output>
          </reporter-output>
        </test-method> <!-- bcconfig -->
        <test-method is-config="true" signature="bmconfig()[pri:0, instance:ContactsTests.createContactTests@791f145a]" started-at="2024-10-07T17:29:12 IST" name="bmconfig" finished-at="2024-10-07T17:29:24 IST" duration-ms="11723" status="PASS">
          <reporter-output>
          </reporter-output>
        </test-method> <!-- bmconfig -->
        <test-method signature="createContactWithlastName()[pri:0, instance:ContactsTests.createContactTests@791f145a]" started-at="2024-10-07T17:29:24 IST" name="createContactWithlastName" finished-at="2024-10-07T17:29:59 IST" duration-ms="35702" status="PASS">
          <reporter-output>
          </reporter-output>
        </test-method> <!-- createContactWithlastName -->
        <test-method is-config="true" signature="amconfig()[pri:0, instance:ContactsTests.createContactTests@791f145a]" started-at="2024-10-07T17:29:59 IST" name="amconfig" finished-at="2024-10-07T17:30:04 IST" duration-ms="4063" status="PASS">
          <reporter-output>
          </reporter-output>
        </test-method> <!-- amconfig -->
        <test-method is-config="true" signature="bmconfig()[pri:0, instance:ContactsTests.createContactTests@791f145a]" started-at="2024-10-07T17:30:04 IST" name="bmconfig" finished-at="2024-10-07T17:30:07 IST" duration-ms="3043" status="PASS">
          <reporter-output>
          </reporter-output>
        </test-method> <!-- bmconfig -->
        <test-method signature="demotest()[pri:0, instance:ContactsTests.createContactTests@791f145a]" started-at="2024-10-07T17:30:07 IST" name="demotest" finished-at="2024-10-07T17:30:07 IST" duration-ms="0" status="FAIL">
          <exception class="java.lang.AssertionError">
            <message>
              <![CDATA[null]]>
            </message>
            <full-stacktrace>
              <![CDATA[java.lang.AssertionError: null
at org.testng.Assert.fail(Assert.java:99)
at org.testng.Assert.fail(Assert.java:106)
at ContactsTests.createContactTests.demotest(createContactTests.java:44)
at java.base/jdk.internal.reflect.DirectMethodHandleAccessor.invoke(DirectMethodHandleAccessor.java:103)
at java.base/java.lang.reflect.Method.invoke(Method.java:580)
at org.testng.internal.MethodInvocationHelper.invokeMethod(MethodInvocationHelper.java:133)
at org.testng.internal.TestInvoker.invokeMethod(TestInvoker.java:598)
at org.testng.internal.TestInvoker.invokeTestMethod(TestInvoker.java:173)
at org.testng.internal.MethodRunner.runInSequence(MethodRunner.java:46)
at org.testng.internal.TestInvoker$MethodInvocationAgent.invoke(TestInvoker.java:824)
at org.testng.internal.TestInvoker.invokeTestMethods(TestInvoker.java:146)
at org.testng.internal.TestMethodWorker.invokeTestMethods(TestMethodWorker.java:146)
at org.testng.internal.TestMethodWorker.run(TestMethodWorker.java:128)
at java.base/java.util.ArrayList.forEach(ArrayList.java:1596)
at org.testng.TestRunner.privateRun(TestRunner.java:794)
at org.testng.TestRunner.run(TestRunner.java:596)
at org.testng.SuiteRunner.runTest(SuiteRunner.java:377)
at org.testng.SuiteRunner.runSequentially(SuiteRunner.java:371)
at org.testng.SuiteRunner.privateRun(SuiteRunner.java:332)
at org.testng.SuiteRunner.run(SuiteRunner.java:276)
at org.testng.SuiteRunnerWorker.runSuite(SuiteRunnerWorker.java:53)
at org.testng.SuiteRunnerWorker.run(SuiteRunnerWorker.java:96)
at org.testng.TestNG.runSuitesSequentially(TestNG.java:1212)
at org.testng.TestNG.runSuitesLocally(TestNG.java:1134)
at org.testng.TestNG.runSuites(TestNG.java:1063)
at org.testng.TestNG.run(TestNG.java:1031)
at org.testng.remote.AbstractRemoteTestNG.run(AbstractRemoteTestNG.java:115)
at org.testng.remote.RemoteTestNG.initAndRun(RemoteTestNG.java:251)
at org.testng.remote.RemoteTestNG.main(RemoteTestNG.java:77)
]]>
            </full-stacktrace>
          </exception> <!-- java.lang.AssertionError -->
          <reporter-output>
          </reporter-output>
        </test-method> <!-- demotest -->
        <test-method is-config="true" signature="amconfig()[pri:0, instance:ContactsTests.createContactTests@791f145a]" started-at="2024-10-07T17:30:07 IST" name="amconfig" finished-at="2024-10-07T17:30:11 IST" duration-ms="4344" status="PASS">
          <reporter-output>
          </reporter-output>
        </test-method> <!-- amconfig -->
        <test-method is-config="true" signature="acconfig()[pri:0, instance:ContactsTests.createContactTests@791f145a]" started-at="2024-10-07T17:30:11 IST" name="acconfig" finished-at="2024-10-07T17:30:12 IST" duration-ms="401" status="PASS">
          <reporter-output>
          </reporter-output>
        </test-method> <!-- acconfig -->
        <test-method is-config="true" signature="asconfig()[pri:0, instance:ContactsTests.createContactTests@791f145a]" started-at="2024-10-07T17:30:12 IST" name="asconfig" finished-at="2024-10-07T17:30:12 IST" duration-ms="8" status="PASS">
          <reporter-output>
          </reporter-output>
        </test-method> <!-- asconfig -->
      </class> <!-- ContactsTests.createContactTests -->
    </test> <!-- Default test -->
  </suite> <!-- Default suite -->
</testng-results>
