<?xml version="1.0" encoding="UTF-8"?>
<testng-results ignored="0" total="3" passed="3" failed="0" skipped="0">
  <reporter-output>
  </reporter-output>
  <suite started-at="2024-08-09T16:29:51 IST" name="Default suite" finished-at="2024-08-09T16:29:51 IST" duration-ms="61">
    <groups>
    </groups>
    <test started-at="2024-08-09T16:29:51 IST" name="Default test" finished-at="2024-08-09T16:29:51 IST" duration-ms="61">
      <class name="DemoPack.Customer">
        <test-method is-config="true" signature="OpenBrowser()[pri:0, instance:DemoPack.Customer@3bf9ce3e]" started-at="2024-08-09T16:29:51 IST" name="OpenBrowser" finished-at="2024-08-09T16:29:51 IST" duration-ms="5" status="PASS">
          <reporter-output>
          </reporter-output>
        </test-method> <!-- OpenBrowser -->
        <test-method is-config="true" signature="Login()[pri:0, instance:DemoPack.Customer@3bf9ce3e]" started-at="2024-08-09T16:29:51 IST" name="Login" finished-at="2024-08-09T16:29:51 IST" duration-ms="1" status="PASS">
          <reporter-output>
          </reporter-output>
        </test-method> <!-- Login -->
        <test-method signature="CreateCustomer()[pri:0, instance:DemoPack.Customer@3bf9ce3e]" started-at="2024-08-09T16:29:51 IST" name="CreateCustomer" finished-at="2024-08-09T16:29:51 IST" duration-ms="10" status="PASS">
          <reporter-output>
          </reporter-output>
        </test-method> <!-- CreateCustomer -->
        <test-method is-config="true" signature="Logout()[pri:0, instance:DemoPack.Customer@3bf9ce3e]" started-at="2024-08-09T16:29:51 IST" name="Logout" finished-at="2024-08-09T16:29:51 IST" duration-ms="1" status="PASS">
          <reporter-output>
          </reporter-output>
        </test-method> <!-- Logout -->
        <test-method is-config="true" signature="Login()[pri:0, instance:DemoPack.Customer@3bf9ce3e]" started-at="2024-08-09T16:29:51 IST" name="Login" finished-at="2024-08-09T16:29:51 IST" duration-ms="0" status="PASS">
          <reporter-output>
          </reporter-output>
        </test-method> <!-- Login -->
        <test-method signature="EditCustomer()[pri:1, instance:DemoPack.Customer@3bf9ce3e]" started-at="2024-08-09T16:29:51 IST" name="EditCustomer" finished-at="2024-08-09T16:29:51 IST" duration-ms="2" status="PASS">
          <reporter-output>
          </reporter-output>
        </test-method> <!-- EditCustomer -->
        <test-method is-config="true" signature="Logout()[pri:0, instance:DemoPack.Customer@3bf9ce3e]" started-at="2024-08-09T16:29:51 IST" name="Logout" finished-at="2024-08-09T16:29:51 IST" duration-ms="1" status="PASS">
          <reporter-output>
          </reporter-output>
        </test-method> <!-- Logout -->
        <test-method is-config="true" signature="Login()[pri:0, instance:DemoPack.Customer@3bf9ce3e]" started-at="2024-08-09T16:29:51 IST" name="Login" finished-at="2024-08-09T16:29:51 IST" duration-ms="1" status="PASS">
          <reporter-output>
          </reporter-output>
        </test-method> <!-- Login -->
        <test-method signature="DeleteCustomer()[pri:4, instance:DemoPack.Customer@3bf9ce3e]" started-at="2024-08-09T16:29:51 IST" name="DeleteCustomer" finished-at="2024-08-09T16:29:51 IST" duration-ms="5" status="PASS">
          <reporter-output>
          </reporter-output>
        </test-method> <!-- DeleteCustomer -->
        <test-method is-config="true" signature="Logout()[pri:0, instance:DemoPack.Customer@3bf9ce3e]" started-at="2024-08-09T16:29:51 IST" name="Logout" finished-at="2024-08-09T16:29:51 IST" duration-ms="0" status="PASS">
          <reporter-output>
          </reporter-output>
        </test-method> <!-- Logout -->
        <test-method is-config="true" signature="closeBrowser()[pri:0, instance:DemoPack.Customer@3bf9ce3e]" started-at="2024-08-09T16:29:51 IST" name="closeBrowser" finished-at="2024-08-09T16:29:51 IST" duration-ms="1" status="PASS">
          <reporter-output>
          </reporter-output>
        </test-method> <!-- closeBrowser -->
      </class> <!-- DemoPack.Customer -->
    </test> <!-- Default test -->
  </suite> <!-- Default suite -->
</testng-results>
